<?xml version="1.0" encoding="UTF-8"?>
<testsuite name="org.gradle.EditerTest" tests="1" skipped="0" failures="0" errors="0" timestamp="2015-01-09T23:04:09" hostname="ranox-X550CC" time="0.001">
  <properties/>
  <testcase name="editionGroupe" classname="org.gradle.EditerTest" time="0.001"/>
  <system-out><![CDATA[

* * * * * * * * * * * * * * *  Crï¿½ation de la classe  * * * * * * * * * * * * * * *

]]></system-out>
  <system-err><![CDATA[]]></system-err>
</testsuite>
