<?xml version="1.0" encoding="UTF-8"?>
<testsuite name="org.gradle.GroupeTest" tests="3" skipped="0" failures="0" errors="0" timestamp="2015-01-09T23:04:09" hostname="ranox-X550CC" time="0.003">
  <properties/>
  <testcase name="moyenneClasse" classname="org.gradle.GroupeTest" time="0.001"/>
  <testcase name="noteMax" classname="org.gradle.GroupeTest" time="0.001"/>
  <testcase name="noteMin" classname="org.gradle.GroupeTest" time="0.001"/>
  <system-out><![CDATA[

* * * * * * * * * * * * * * *  Cr�ation de la classe  * * * * * * * * * * * * * * *



* * * * * * * * * * * * * * *  Cr�ation de la classe  * * * * * * * * * * * * * * *



* * * * * * * * * * * * * * *  Cr�ation de la classe  * * * * * * * * * * * * * * *

]]></system-out>
  <system-err><![CDATA[]]></system-err>
</testsuite>
